<?xml version="1.0" encoding="UTF-8"?>
<!-- Generated by org.testng.reporters.JUnitXMLReporter -->
<testsuite hostname="DESKTOP-404UV2J" name="BaseUser" tests="3" failures="0" timestamp="14 Apr 2018 03:57:10 GMT" time="135.246" errors="0">
  <testcase name="launchUrl" time="40.655" classname="com.qa.makemytrip.base.Base"/>
  <testcase name="testLogin" time="37.757" classname="com.qa.makemytrip.base.Base"/>
  <testcase name="testLogout" time="0.0" classname="com.qa.makemytrip.base.Base"/>
</testsuite> <!-- BaseUser -->
