<?xml version="1.0" encoding="UTF-8"?>
<!-- Generated by org.testng.reporters.JUnitXMLReporter -->
<testsuite hostname="DESKTOP-404UV2J" ignored="0" name="Test" tests="3" failures="1" timestamp="07 Apr 2018 04:38:26 GMT" time="0.1" errors="0">
  <testcase name="@AfterMethod screenShots" time="0.031" classname="com.qa.makemytrip.base.BaseUser">
    <failure type="java.lang.NullPointerException">
      <![CDATA[java.lang.NullPointerException
at com.qa.makemytrip.utility.CaptureScreenshot.takeScreensot(CaptureScreenshot.java:24)
at com.qa.makemytrip.base.BaseUser.screenShots(BaseUser.java:127)
at java.util.concurrent.FutureTask.run(FutureTask.java:266)
at java.util.concurrent.ThreadPoolExecutor.runWorker(ThreadPoolExecutor.java:1149)
at java.util.concurrent.ThreadPoolExecutor$Worker.run(ThreadPoolExecutor.java:624)
at java.lang.Thread.run(Thread.java:748)
... Removed 19 stack frames]]>
    </failure>
  </testcase> <!-- @AfterMethod screenShots -->
  <testcase name="@AfterMethod screenShots" time="0.0" classname="com.qa.makemytrip.base.BaseUser">
    <skipped/>
  </testcase> <!-- @AfterMethod screenShots -->
  <testcase name="@AfterMethod screenShots" time="0.0" classname="com.qa.makemytrip.base.BaseUser">
    <skipped/>
  </testcase> <!-- @AfterMethod screenShots -->
  <testcase name="launchUrl" time="0.0" classname="com.qa.makemytrip.base.BaseUser">
    <failure type="java.lang.NullPointerException">
      <![CDATA[java.lang.NullPointerException
at com.qa.makemytrip.base.BaseUser.launchUrl(BaseUser.java:93)
at java.util.concurrent.FutureTask.run(FutureTask.java:266)
at java.util.concurrent.ThreadPoolExecutor.runWorker(ThreadPoolExecutor.java:1149)
at java.util.concurrent.ThreadPoolExecutor$Worker.run(ThreadPoolExecutor.java:624)
at java.lang.Thread.run(Thread.java:748)
... Removed 16 stack frames]]>
    </failure>
  </testcase> <!-- launchUrl -->
  <testcase name="testLogin" time="0.0" classname="com.qa.makemytrip.base.BaseUser">
    <skipped/>
  </testcase> <!-- testLogin -->
  <testcase name="testLogout" time="0.0" classname="com.qa.makemytrip.base.BaseUser">
    <skipped/>
  </testcase> <!-- testLogout -->
</testsuite> <!-- Test -->
