<?xml version="1.0" encoding="UTF-8"?>
<!-- Generated by org.testng.reporters.JUnitXMLReporter -->
<testsuite hostname="DESKTOP-404UV2J" ignored="0" name="BaseUser" tests="3" failures="0" timestamp="15 Apr 2018 13:10:00 GMT" time="22.867" errors="0">
  <testcase name="launchUrl" time="12.796" classname="com.qa.makemytrip.base.Base"/>
  <testcase name="testLogin" time="4.325" classname="com.qa.makemytrip.base.Base"/>
  <testcase name="testLogout" time="0.0" classname="com.qa.makemytrip.base.Base"/>
</testsuite> <!-- BaseUser -->
